{"/home/mikhail/my-projects/vue-lessons/postue/src/tests.js": {"path":"/home/mikhail/my-projects/vue-lessons/postue/src/tests.js","statementMap":{"0":{"start":{"line":1,"column":19},"end":{"line":16,"column":1}},"1":{"start":{"line":2,"column":2},"end":{"line":4,"column":3}},"2":{"start":{"line":3,"column":4},"end":{"line":3,"column":45}},"3":{"start":{"line":6,"column":2},"end":{"line":6,"column":20}},"4":{"start":{"line":7,"column":2},"end":{"line":7,"column":20}},"5":{"start":{"line":9,"column":2},"end":{"line":13,"column":3}},"6":{"start":{"line":10,"column":4},"end":{"line":10,"column":58}},"7":{"start":{"line":11,"column":9},"end":{"line":13,"column":3}},"8":{"start":{"line":12,"column":4},"end":{"line":12,"column":58}},"9":{"start":{"line":15,"column":2},"end":{"line":15,"column":15}}},"fnMap":{"0":{"name":"(anonymous_0)","decl":{"start":{"line":1,"column":19},"end":{"line":1,"column":20}},"loc":{"start":{"line":1,"column":29},"end":{"line":16,"column":1}},"line":1}},"branchMap":{"0":{"loc":{"start":{"line":2,"column":2},"end":{"line":4,"column":3}},"type":"if","locations":[{"start":{"line":2,"column":2},"end":{"line":4,"column":3}},{"start":{"line":2,"column":2},"end":{"line":4,"column":3}}],"line":2},"1":{"loc":{"start":{"line":2,"column":6},"end":{"line":2,"column":40}},"type":"binary-expr","locations":[{"start":{"line":2,"column":6},"end":{"line":2,"column":21}},{"start":{"line":2,"column":25},"end":{"line":2,"column":40}}],"line":2},"2":{"loc":{"start":{"line":9,"column":2},"end":{"line":13,"column":3}},"type":"if","locations":[{"start":{"line":9,"column":2},"end":{"line":13,"column":3}},{"start":{"line":9,"column":2},"end":{"line":13,"column":3}}],"line":9},"3":{"loc":{"start":{"line":11,"column":9},"end":{"line":13,"column":3}},"type":"if","locations":[{"start":{"line":11,"column":9},"end":{"line":13,"column":3}},{"start":{"line":11,"column":9},"end":{"line":13,"column":3}}],"line":11}},"s":{"0":0,"1":0,"2":0,"3":0,"4":0,"5":0,"6":0,"7":0,"8":0,"9":0},"f":{"0":0},"b":{"0":[0,0],"1":[0,0],"2":[0,0],"3":[0,0]},"hash":"f7c4b25433d8ac4f04b759c29e9198f65231489a"}
}
